[18:42:45.320] Global cache location '/home/syuni/.cache/typescript/4.1', safe file path '/usr/lib/node_modules/typescript/lib/typingSafeList.json', types map path /usr/lib/node_modules/typescript/lib/typesMap.json
[18:42:45.321] Processing cache location '/home/syuni/.cache/typescript/4.1'
[18:42:45.321] Trying to find '/home/syuni/.cache/typescript/4.1/package.json'...
[18:42:45.322] Loaded content of '/home/syuni/.cache/typescript/4.1/package.json': {"private":true,"dependencies":{"types-registry":"^0.1.518"},"devDependencies":{"@types/node":"^14.14.10","@types/react":"^17.0.0","@types/rimraf":"^3.0.0","@types/sprintf":"^0.1.0","@types/webpack":"^4.41.25"}}
[18:42:45.322] Loaded content of '/home/syuni/.cache/typescript/4.1/package-lock.json'
[18:42:45.335] Adding entry into typings cache: 'node' => '/home/syuni/.cache/typescript/4.1/node_modules/@types/node/index.d.ts'
[18:42:45.340] Adding entry into typings cache: 'react' => '/home/syuni/.cache/typescript/4.1/node_modules/@types/react/index.d.ts'
[18:42:45.345] Adding entry into typings cache: 'rimraf' => '/home/syuni/.cache/typescript/4.1/node_modules/@types/rimraf/index.d.ts'
[18:42:45.348] Adding entry into typings cache: 'sprintf' => '/home/syuni/.cache/typescript/4.1/node_modules/@types/sprintf/index.d.ts'
[18:42:45.352] Adding entry into typings cache: 'webpack' => '/home/syuni/.cache/typescript/4.1/node_modules/@types/webpack/index.d.ts'
[18:42:45.352] Finished processing cache location '/home/syuni/.cache/typescript/4.1'
[18:42:45.352] Process id: 12699
[18:42:45.352] NPM location: /usr/bin/npm (explicit '--npmLocation' not  provided)
[18:42:45.352] validateDefaultNpmLocation: false
[18:42:45.353] Npm config file: /home/syuni/.cache/typescript/4.1/package.json
[18:42:45.353] Updating types-registry npm package...
[18:42:45.353] Exec: /usr/bin/npm install --ignore-scripts types-registry@latest
[18:42:46.588]     Succeeded. stdout:
    + types-registry@0.1.518
    updated 1 package and audited 17 packages in 0.805s
found 0 vulnerabilities


[18:42:46.588] Updated types-registry npm package
[18:42:46.614] Got install request {"projectName":"/dev/null/inferredProject1*","fileNames":["/home/syuni/dotfiles/.emacs.d/.cache/lsp/npm/vls/lib/node_modules/vls/node_modules/typescript/lib/lib.es5.d.ts"],"compilerOptions":{"target":1,"jsx":1,"allowNonTsExtensions":true,"allowJs":true,"noEmitForJsFiles":true},"typeAcquisition":{"enable":true,"include":[],"exclude":[]},"unresolvedImports":[],"projectRootPath":"/home/syuni/dotfiles/.emacs.d/.cache/lsp/npm/vls/lib/node_modules/vls/node_modules/typescript/lib","kind":"discover"}
[18:42:46.641] Loaded safelist from types map file '/usr/lib/node_modules/typescript/lib/typesMap.json'
[18:42:46.641] Explicitly included types: []
[18:42:46.642] Inferred typings from unresolved imports: []
[18:42:46.642] Result: {"cachedTypingPaths":[],"newTypingNames":[],"filesToWatch":["/home/syuni/dotfiles/.emacs.d/.cache/lsp/npm/vls/lib/node_modules/vls/node_modules/typescript/lib/bower_components","/home/syuni/dotfiles/.emacs.d/.cache/lsp/npm/vls/lib/node_modules/vls/node_modules/typescript/lib/node_modules"]}
[18:42:46.642] Finished typings discovery: {"cachedTypingPaths":[],"newTypingNames":[],"filesToWatch":["/home/syuni/dotfiles/.emacs.d/.cache/lsp/npm/vls/lib/node_modules/vls/node_modules/typescript/lib/bower_components","/home/syuni/dotfiles/.emacs.d/.cache/lsp/npm/vls/lib/node_modules/vls/node_modules/typescript/lib/node_modules"]}
[18:42:46.643] DirectoryWatcher:: Added:: WatchInfo: /home/syuni/dotfiles/.emacs.d/.cache/lsp/npm/vls/lib/node_modules/vls/node_modules/typescript/lib/bower_components
[18:42:46.645] DirectoryWatcher:: Added:: WatchInfo: /home/syuni/dotfiles/.emacs.d/.cache/lsp/npm/vls/lib/node_modules/vls/node_modules/typescript/lib/node_modules
[18:42:46.645] Sending response:
    {"projectName":"/dev/null/inferredProject1*","typeAcquisition":{"enable":true,"include":[],"exclude":[]},"compilerOptions":{"target":1,"jsx":1,"allowNonTsExtensions":true,"allowJs":true,"noEmitForJsFiles":true},"typings":[],"unresolvedImports":[],"kind":"action::set"}
[18:42:46.646] Response has been sent.
[18:42:46.646] No new typings were requested as a result of typings discovery
[18:42:49.251] Got install request {"projectName":"/dev/null/inferredProject1*","fileNames":[],"compilerOptions":{"target":1,"jsx":1,"allowNonTsExtensions":true,"allowJs":true,"noEmitForJsFiles":true},"typeAcquisition":{"enable":true,"include":[],"exclude":[]},"unresolvedImports":[],"projectRootPath":"/home/syuni/dotfiles/.emacs.d/.cache/lsp/npm/vls/lib/node_modules/vls/node_modules/typescript/lib","kind":"discover"}
[18:42:49.251] Explicitly included types: []
[18:42:49.251] Inferred typings from unresolved imports: []
[18:42:49.251] Result: {"cachedTypingPaths":[],"newTypingNames":[],"filesToWatch":["/home/syuni/dotfiles/.emacs.d/.cache/lsp/npm/vls/lib/node_modules/vls/node_modules/typescript/lib/bower_components","/home/syuni/dotfiles/.emacs.d/.cache/lsp/npm/vls/lib/node_modules/vls/node_modules/typescript/lib/node_modules"]}
[18:42:49.251] Finished typings discovery: {"cachedTypingPaths":[],"newTypingNames":[],"filesToWatch":["/home/syuni/dotfiles/.emacs.d/.cache/lsp/npm/vls/lib/node_modules/vls/node_modules/typescript/lib/bower_components","/home/syuni/dotfiles/.emacs.d/.cache/lsp/npm/vls/lib/node_modules/vls/node_modules/typescript/lib/node_modules"]}
[18:42:49.252] Sending response:
    {"projectName":"/dev/null/inferredProject1*","typeAcquisition":{"enable":true,"include":[],"exclude":[]},"compilerOptions":{"target":1,"jsx":1,"allowNonTsExtensions":true,"allowJs":true,"noEmitForJsFiles":true},"typings":[],"unresolvedImports":[],"kind":"action::set"}
[18:42:49.252] Response has been sent.
[18:42:49.252] No new typings were requested as a result of typings discovery
[18:42:49.796] Got install request {"projectName":"/dev/null/inferredProject1*","fileNames":["/home/syuni/dotfiles/.emacs.d/.cache/lsp/npm/vls/lib/node_modules/vls/node_modules/typescript/lib/lib.es5.d.ts"],"compilerOptions":{"target":1,"jsx":1,"allowNonTsExtensions":true,"allowJs":true,"noEmitForJsFiles":true},"typeAcquisition":{"enable":true,"include":[],"exclude":[]},"unresolvedImports":[],"projectRootPath":"/home/syuni/dotfiles/.emacs.d/.cache/lsp/npm/vls/lib/node_modules/vls/node_modules/typescript/lib","kind":"discover"}
[18:42:49.796] Explicitly included types: []
[18:42:49.797] Inferred typings from unresolved imports: []
[18:42:49.797] Result: {"cachedTypingPaths":[],"newTypingNames":[],"filesToWatch":["/home/syuni/dotfiles/.emacs.d/.cache/lsp/npm/vls/lib/node_modules/vls/node_modules/typescript/lib/bower_components","/home/syuni/dotfiles/.emacs.d/.cache/lsp/npm/vls/lib/node_modules/vls/node_modules/typescript/lib/node_modules"]}
[18:42:49.797] Finished typings discovery: {"cachedTypingPaths":[],"newTypingNames":[],"filesToWatch":["/home/syuni/dotfiles/.emacs.d/.cache/lsp/npm/vls/lib/node_modules/vls/node_modules/typescript/lib/bower_components","/home/syuni/dotfiles/.emacs.d/.cache/lsp/npm/vls/lib/node_modules/vls/node_modules/typescript/lib/node_modules"]}
[18:42:49.798] Sending response:
    {"projectName":"/dev/null/inferredProject1*","typeAcquisition":{"enable":true,"include":[],"exclude":[]},"compilerOptions":{"target":1,"jsx":1,"allowNonTsExtensions":true,"allowJs":true,"noEmitForJsFiles":true},"typings":[],"unresolvedImports":[],"kind":"action::set"}
[18:42:49.798] Response has been sent.
[18:42:49.798] No new typings were requested as a result of typings discovery
